<?xml version="1.0" encoding="UTF-8" ?>
<testsuite tests="71" failures="0" name="runner.TestRunner" time="2.072" errors="0" skipped="0">
  <properties>
    <property name="java.runtime.name" value="Java(TM) SE Runtime Environment"/>
    <property name="sun.boot.library.path" value="/Library/Java/JavaVirtualMachines/jdk1.8.0_191.jdk/Contents/Home/jre/lib"/>
    <property name="java.vm.version" value="25.191-b12"/>
    <property name="gopherProxySet" value="false"/>
    <property name="java.vm.vendor" value="Oracle Corporation"/>
    <property name="maven.multiModuleProjectDirectory" value="/Users/ratheeshnair/eclipse-workspace/weather-acceptance-tests"/>
    <property name="java.vendor.url" value="http://java.oracle.com/"/>
    <property name="path.separator" value=":"/>
    <property name="guice.disable.misplaced.annotation.check" value="true"/>
    <property name="java.vm.name" value="Java HotSpot(TM) 64-Bit Server VM"/>
    <property name="file.encoding.pkg" value="sun.io"/>
    <property name="user.country" value="GB"/>
    <property name="sun.java.launcher" value="SUN_STANDARD"/>
    <property name="sun.os.patch.level" value="unknown"/>
    <property name="java.vm.specification.name" value="Java Virtual Machine Specification"/>
    <property name="user.dir" value="/Users/ratheeshnair/eclipse-workspace/weather-acceptance-tests"/>
    <property name="java.runtime.version" value="1.8.0_191-b12"/>
    <property name="java.awt.graphicsenv" value="sun.awt.CGraphicsEnvironment"/>
    <property name="java.endorsed.dirs" value="/Library/Java/JavaVirtualMachines/jdk1.8.0_191.jdk/Contents/Home/jre/lib/endorsed"/>
    <property name="os.arch" value="x86_64"/>
    <property name="java.io.tmpdir" value="/var/folders/5b/lmwcrmkd52z77h8jhtxv8dx80000gn/T/"/>
    <property name="line.separator" value="
"/>
    <property name="java.vm.specification.vendor" value="Oracle Corporation"/>
    <property name="os.name" value="Mac OS X"/>
    <property name="classworlds.conf" value="/usr/local/Cellar/maven/3.6.0/libexec/bin/m2.conf"/>
    <property name="sun.jnu.encoding" value="UTF-8"/>
    <property name="java.library.path" value="/Users/ratheeshnair/Library/Java/Extensions:/Library/Java/Extensions:/Network/Library/Java/Extensions:/System/Library/Java/Extensions:/usr/lib/java:."/>
    <property name="maven.conf" value="/usr/local/Cellar/maven/3.6.0/libexec/conf"/>
    <property name="java.specification.name" value="Java Platform API Specification"/>
    <property name="java.class.version" value="52.0"/>
    <property name="sun.management.compiler" value="HotSpot 64-Bit Tiered Compilers"/>
    <property name="os.version" value="10.14.3"/>
    <property name="library.jansi.path" value="/usr/local/Cellar/maven/3.6.0/libexec/lib/jansi-native"/>
    <property name="http.nonProxyHosts" value="local|*.local|169.254/16|*.169.254/16"/>
    <property name="user.home" value="/Users/ratheeshnair"/>
    <property name="user.timezone" value="Europe/London"/>
    <property name="java.awt.printerjob" value="sun.lwawt.macosx.CPrinterJob"/>
    <property name="java.specification.version" value="1.8"/>
    <property name="file.encoding" value="UTF-8"/>
    <property name="user.name" value="ratheeshnair"/>
    <property name="java.class.path" value="/usr/local/Cellar/maven/3.6.0/libexec/boot/plexus-classworlds-2.5.2.jar"/>
    <property name="java.vm.specification.version" value="1.8"/>
    <property name="sun.arch.data.model" value="64"/>
    <property name="java.home" value="/Library/Java/JavaVirtualMachines/jdk1.8.0_191.jdk/Contents/Home/jre"/>
    <property name="sun.java.command" value="org.codehaus.plexus.classworlds.launcher.Launcher clean install"/>
    <property name="java.specification.vendor" value="Oracle Corporation"/>
    <property name="user.language" value="en"/>
    <property name="awt.toolkit" value="sun.lwawt.macosx.LWCToolkit"/>
    <property name="java.vm.info" value="mixed mode"/>
    <property name="java.version" value="1.8.0_191"/>
    <property name="java.ext.dirs" value="/Users/ratheeshnair/Library/Java/Extensions:/Library/Java/JavaVirtualMachines/jdk1.8.0_191.jdk/Contents/Home/jre/lib/ext:/Library/Java/Extensions:/Network/Library/Java/Extensions:/System/Library/Java/Extensions:/usr/lib/java"/>
    <property name="sun.boot.class.path" value="/Library/Java/JavaVirtualMachines/jdk1.8.0_191.jdk/Contents/Home/jre/lib/resources.jar:/Library/Java/JavaVirtualMachines/jdk1.8.0_191.jdk/Contents/Home/jre/lib/rt.jar:/Library/Java/JavaVirtualMachines/jdk1.8.0_191.jdk/Contents/Home/jre/lib/sunrsasign.jar:/Library/Java/JavaVirtualMachines/jdk1.8.0_191.jdk/Contents/Home/jre/lib/jsse.jar:/Library/Java/JavaVirtualMachines/jdk1.8.0_191.jdk/Contents/Home/jre/lib/jce.jar:/Library/Java/JavaVirtualMachines/jdk1.8.0_191.jdk/Contents/Home/jre/lib/charsets.jar:/Library/Java/JavaVirtualMachines/jdk1.8.0_191.jdk/Contents/Home/jre/lib/jfr.jar:/Library/Java/JavaVirtualMachines/jdk1.8.0_191.jdk/Contents/Home/jre/classes"/>
    <property name="java.vendor" value="Oracle Corporation"/>
    <property name="maven.home" value="/usr/local/Cellar/maven/3.6.0/libexec"/>
    <property name="file.separator" value="/"/>
    <property name="java.vendor.url.bug" value="http://bugreport.sun.com/bugreport/"/>
    <property name="sun.cpu.endian" value="little"/>
    <property name="sun.io.unicode.encoding" value="UnicodeBig"/>
    <property name="socksNonProxyHosts" value="local|*.local|169.254/16|*.169.254/16"/>
    <property name="ftp.nonProxyHosts" value="local|*.local|169.254/16|*.169.254/16"/>
    <property name="sun.cpu.isalist" value=""/>
  </properties>
  <testcase classname="| Edinburgh | shown |" name="Given the user is in the 5 Weather Forecast page" time="0.002"/>
  <testcase classname="| Edinburgh | shown |" name="When the user enters the city name Edinburgh" time="0"/>
  <testcase classname="| Edinburgh | shown |" name="Then the 5 day weather forecast for the selected city is shown" time="0"/>
  <testcase classname="| Edinburgh | shown |" name="| Edinburgh | shown |" time="0.163"/>
  <testcase classname="| Glasgow | shown |" name="Given the user is in the 5 Weather Forecast page" time="0"/>
  <testcase classname="| Glasgow | shown |" name="When the user enters the city name Glasgow" time="0"/>
  <testcase classname="| Glasgow | shown |" name="Then the 5 day weather forecast for the selected city is shown" time="0"/>
  <testcase classname="| Glasgow | shown |" name="| Glasgow | shown |" time="0.139"/>
  <testcase classname="| Aberdeen | shown |" name="Given the user is in the 5 Weather Forecast page" time="0"/>
  <testcase classname="| Aberdeen | shown |" name="When the user enters the city name Aberdeen" time="0"/>
  <testcase classname="| Aberdeen | shown |" name="Then the 5 day weather forecast for the selected city is shown" time="0"/>
  <testcase classname="| Aberdeen | shown |" name="| Aberdeen | shown |" time="0.14"/>
  <testcase classname="| Dundee | shown |" name="Given the user is in the 5 Weather Forecast page" time="0"/>
  <testcase classname="| Dundee | shown |" name="When the user enters the city name Dundee" time="0"/>
  <testcase classname="| Dundee | shown |" name="Then the 5 day weather forecast for the selected city is shown" time="0"/>
  <testcase classname="| Dundee | shown |" name="| Dundee | shown |" time="0.141"/>
  <testcase classname="| Perth | shown |" name="Given the user is in the 5 Weather Forecast page" time="0"/>
  <testcase classname="| Perth | shown |" name="When the user enters the city name Perth" time="0"/>
  <testcase classname="| Perth | shown |" name="Then the 5 day weather forecast for the selected city is shown" time="0"/>
  <testcase classname="| Perth | shown |" name="| Perth | shown |" time="0.142"/>
  <testcase classname="| Stirling | shown |" name="Given the user is in the 5 Weather Forecast page" time="0"/>
  <testcase classname="| Stirling | shown |" name="When the user enters the city name Stirling" time="0"/>
  <testcase classname="| Stirling | shown |" name="Then the 5 day weather forecast for the selected city is shown" time="0"/>
  <testcase classname="| Stirling | shown |" name="| Stirling | shown |" time="0.143"/>
  <testcase classname="| InvalidName | not shown |" name="Given the user is in the 5 Weather Forecast page" time="0"/>
  <testcase classname="| InvalidName | not shown |" name="When the user enters the city name InvalidName" time="0"/>
  <testcase classname="| InvalidName | not shown |" name="Then the 5 day weather forecast for the selected city is not shown" time="0"/>
  <testcase classname="| InvalidName | not shown |" name="| InvalidName | not shown |" time="0.141"/>
  <testcase classname="Scenario: Verify the different days weather displayed for city of users choice" name="Given the user is in the 5 Weather Forecast page" time="0"/>
  <testcase classname="Scenario: Verify the different days weather displayed for city of users choice" name="When the user enters the city name Edinburgh" time="0"/>
  <testcase classname="Scenario: Verify the different days weather displayed for city of users choice" name="Then the user gets a below days weather forecast for the selected city" time="0"/>
  <testcase classname="Scenario: Verify the different days weather displayed for city of users choice" name="Scenario: Verify the different days weather displayed for city of users choice" time="0.144"/>
  <testcase classname="| Edinburgh | 1 |" name="Given the user is in the 5 Weather Forecast page" time="0"/>
  <testcase classname="| Edinburgh | 1 |" name="When the user enters the city name Edinburgh" time="0"/>
  <testcase classname="| Edinburgh | 1 |" name="And the user clicks on a day 1" time="0"/>
  <testcase classname="| Edinburgh | 1 |" name="Then the detailed weather report for the day 1 is shown" time="0"/>
  <testcase classname="| Edinburgh | 1 |" name="When the user clicks on a day 1" time="0"/>
  <testcase classname="| Edinburgh | 1 |" name="Then the detailed weather report for the day 1 is hidden" time="0"/>
  <testcase classname="| Edinburgh | 1 |" name="| Edinburgh | 1 |" time="0.151"/>
  <testcase classname="| Glasgow | 2 |" name="Given the user is in the 5 Weather Forecast page" time="0"/>
  <testcase classname="| Glasgow | 2 |" name="When the user enters the city name Glasgow" time="0"/>
  <testcase classname="| Glasgow | 2 |" name="And the user clicks on a day 2" time="0"/>
  <testcase classname="| Glasgow | 2 |" name="Then the detailed weather report for the day 2 is shown" time="0"/>
  <testcase classname="| Glasgow | 2 |" name="When the user clicks on a day 2" time="0.001"/>
  <testcase classname="| Glasgow | 2 |" name="Then the detailed weather report for the day 2 is hidden" time="0"/>
  <testcase classname="| Glasgow | 2 |" name="| Glasgow | 2 |" time="0.154"/>
  <testcase classname="| Aberdeen | 3 |" name="Given the user is in the 5 Weather Forecast page" time="0"/>
  <testcase classname="| Aberdeen | 3 |" name="When the user enters the city name Aberdeen" time="0"/>
  <testcase classname="| Aberdeen | 3 |" name="And the user clicks on a day 3" time="0"/>
  <testcase classname="| Aberdeen | 3 |" name="Then the detailed weather report for the day 3 is shown" time="0"/>
  <testcase classname="| Aberdeen | 3 |" name="When the user clicks on a day 3" time="0"/>
  <testcase classname="| Aberdeen | 3 |" name="Then the detailed weather report for the day 3 is hidden" time="0"/>
  <testcase classname="| Aberdeen | 3 |" name="| Aberdeen | 3 |" time="0.153"/>
  <testcase classname="| Stirling | 4 |" name="Given the user is in the 5 Weather Forecast page" time="0"/>
  <testcase classname="| Stirling | 4 |" name="When the user enters the city name Stirling" time="0"/>
  <testcase classname="| Stirling | 4 |" name="And the user clicks on a day 4" time="0"/>
  <testcase classname="| Stirling | 4 |" name="Then the detailed weather report for the day 4 is shown" time="0"/>
  <testcase classname="| Stirling | 4 |" name="When the user clicks on a day 4" time="0"/>
  <testcase classname="| Stirling | 4 |" name="Then the detailed weather report for the day 4 is hidden" time="0"/>
  <testcase classname="| Stirling | 4 |" name="| Stirling | 4 |" time="0.15"/>
  <testcase classname="| Dundee | 5 |" name="Given the user is in the 5 Weather Forecast page" time="0"/>
  <testcase classname="| Dundee | 5 |" name="When the user enters the city name Dundee" time="0"/>
  <testcase classname="| Dundee | 5 |" name="And the user clicks on a day 5" time="0"/>
  <testcase classname="| Dundee | 5 |" name="Then the detailed weather report for the day 5 is shown" time="0"/>
  <testcase classname="| Dundee | 5 |" name="When the user clicks on a day 5" time="0"/>
  <testcase classname="| Dundee | 5 |" name="Then the detailed weather report for the day 5 is hidden" time="0"/>
  <testcase classname="| Dundee | 5 |" name="| Dundee | 5 |" time="0.172"/>
  <testcase classname="Scenario: Verify the summary weather report is correctly displayed" name="Given the user is in the 5 Weather Forecast page" time="0"/>
  <testcase classname="Scenario: Verify the summary weather report is correctly displayed" name="When the 5 day weather forecast for the selected city is shown" time="0"/>
  <testcase classname="Scenario: Verify the summary weather report is correctly displayed" name="Then the summary weather report is correct for the below days" time="0"/>
  <testcase classname="Scenario: Verify the summary weather report is correctly displayed" name="Scenario: Verify the summary weather report is correctly displayed" time="0.136"/>
</testsuite>